<?xml version="1.0" encoding="UTF-8" ?>
<testsuite tests="1" failures="0" name="com.wordpress.marianbuenosayres.ht.HumanTaskSampleTest" time="11.042" errors="1" skipped="0">
  <properties>
[...]
</properties>
  <testcase classname="com.wordpress.marianbuenosayres.ht.HumanTaskSampleTest" name="testLocalTaskService" time="11.042">
    <error message="Unable to commit transaction" type="java.lang.RuntimeException">java.lang.RuntimeException: Unable to commit transaction
	at org.drools.persistence.jta.JtaTransactionManager.commit(JtaTransactionManager.java:212)
	at org.jbpm.services.task.persistence.TaskTransactionInterceptor.execute(TaskTransactionInterceptor.java:56)
	at org.jbpm.services.task.commands.TaskCommandExecutorImpl.execute(TaskCommandExecutorImpl.java:40)
	at org.jbpm.services.task.impl.TaskDeadlinesServiceImpl.initialize(TaskDeadlinesServiceImpl.java:365)
	at org.jbpm.services.task.HumanTaskConfigurator.getTaskService(HumanTaskConfigurator.java:153)
	at com.wordpress.marianbuenosayres.ht.HumanTaskSampleTest.testLocalTaskService(HumanTaskSampleTest.java:91)
	at sun.reflect.NativeMethodAccessorImpl.invoke0(Native Method)
	at sun.reflect.NativeMethodAccessorImpl.invoke(NativeMethodAccessorImpl.java:62)
	at sun.reflect.DelegatingMethodAccessorImpl.invoke(DelegatingMethodAccessorImpl.java:43)
	at java.lang.reflect.Method.invoke(Method.java:498)
	at org.junit.runners.model.FrameworkMethod$1.runReflectiveCall(FrameworkMethod.java:44)
	at org.junit.internal.runners.model.ReflectiveCallable.run(ReflectiveCallable.java:15)
	at org.junit.runners.model.FrameworkMethod.invokeExplosively(FrameworkMethod.java:41)
	at org.junit.internal.runners.statements.InvokeMethod.evaluate(InvokeMethod.java:20)
	at org.junit.internal.runners.statements.RunBefores.evaluate(RunBefores.java:28)
	at org.junit.internal.runners.statements.RunAfters.evaluate(RunAfters.java:31)
	at org.junit.runners.BlockJUnit4ClassRunner.runChild(BlockJUnit4ClassRunner.java:76)
	at org.junit.runners.BlockJUnit4ClassRunner.runChild(BlockJUnit4ClassRunner.java:50)
	at org.junit.runners.ParentRunner$3.run(ParentRunner.java:193)
	at org.junit.runners.ParentRunner$1.schedule(ParentRunner.java:52)
	at org.junit.runners.ParentRunner.runChildren(ParentRunner.java:191)
	at org.junit.runners.ParentRunner.access$000(ParentRunner.java:42)
	at org.junit.runners.ParentRunner$2.evaluate(ParentRunner.java:184)
	at org.junit.runners.ParentRunner.run(ParentRunner.java:236)
	at org.apache.maven.surefire.junit4.JUnit4Provider.execute(JUnit4Provider.java:252)
	at org.apache.maven.surefire.junit4.JUnit4Provider.executeTestSet(JUnit4Provider.java:141)
	at org.apache.maven.surefire.junit4.JUnit4Provider.invoke(JUnit4Provider.java:112)
	at sun.reflect.NativeMethodAccessorImpl.invoke0(Native Method)
	at sun.reflect.NativeMethodAccessorImpl.invoke(NativeMethodAccessorImpl.java:62)
	at sun.reflect.DelegatingMethodAccessorImpl.invoke(DelegatingMethodAccessorImpl.java:43)
	at java.lang.reflect.Method.invoke(Method.java:498)
	at org.apache.maven.surefire.util.ReflectionUtils.invokeMethodWithArray(ReflectionUtils.java:189)
	at org.apache.maven.surefire.booter.ProviderFactory$ProviderProxy.invoke(ProviderFactory.java:165)
	at org.apache.maven.surefire.booter.ProviderFactory.invokeProvider(ProviderFactory.java:85)
	at org.apache.maven.surefire.booter.ForkedBooter.runSuitesInProcess(ForkedBooter.java:115)
	at org.apache.maven.surefire.booter.ForkedBooter.main(ForkedBooter.java:75)
Caused by: bitronix.tm.internal.BitronixRollbackException: transaction was marked as rollback only and has been rolled back
	at bitronix.tm.BitronixTransaction.commit(BitronixTransaction.java:265)
	at bitronix.tm.BitronixTransactionManager.commit(BitronixTransactionManager.java:143)
	at org.drools.persistence.jta.JtaTransactionManager.commit(JtaTransactionManager.java:209)
	... 35 more
</error>
    <system-out>0    [main] WARN  org.hibernate.ejb.Ejb3Configuration  - HHH000144: hibernate.connection.autocommit = false breaks the EJB3 specification
930  [main] WARN  org.hibernate.engine.jdbc.internal.JdbcServicesImpl  - HHH000342: Could not obtain connection to query metadata : unable to get a connection from pool of a PoolingDataSource containing an XAPool of resource jdbc/testDS with 0 connection(s) (0 still available)
991  [main] WARN  org.hibernate.dialect.H2Dialect  - HHH000393: The 1.2.128 version of H2 implements temporary table creation such that it commits current transaction; multi-table, bulk hql/jpaql will not work properly
2439 [main] WARN  org.hibernate.service.jta.platform.internal.JtaPlatformInitiator  - HHH000427: Using deprecated org.hibernate.transaction.TransactionManagerLookup strategy [hibernate.transaction.manager_lookup_class], use newer org.hibernate.service.jta.platform.spi.JtaPlatform strategy instead [hibernate.transaction.jta.platform]
3947 [main] ERROR org.hibernate.tool.hbm2ddl.SchemaExport  - HHH000231: Schema export unsuccessful
java.sql.SQLException: unable to get a connection from pool of a PoolingDataSource containing an XAPool of resource jdbc/testDS with 0 connection(s) (0 still available)
	at bitronix.tm.resource.jdbc.PoolingDataSource.getConnection(PoolingDataSource.java:262)
	at org.hibernate.service.jdbc.connections.internal.DatasourceConnectionProviderImpl.getConnection(DatasourceConnectionProviderImpl.java:141)
	at org.hibernate.tool.hbm2ddl.SuppliedConnectionProviderConnectionHelper.prepare(SuppliedConnectionProviderConnectionHelper.java:51)
	at org.hibernate.tool.hbm2ddl.DatabaseExporter.&lt;init&gt;(DatabaseExporter.java:52)
	at org.hibernate.tool.hbm2ddl.SchemaExport.execute(SchemaExport.java:367)
	at org.hibernate.tool.hbm2ddl.SchemaExport.create(SchemaExport.java:304)
	at org.hibernate.tool.hbm2ddl.SchemaExport.create(SchemaExport.java:293)
	at org.hibernate.internal.SessionFactoryImpl.&lt;init&gt;(SessionFactoryImpl.java:500)
	at org.hibernate.cfg.Configuration.buildSessionFactory(Configuration.java:1769)
	at org.hibernate.ejb.EntityManagerFactoryImpl.&lt;init&gt;(EntityManagerFactoryImpl.java:96)
	at org.hibernate.ejb.Ejb3Configuration.buildEntityManagerFactory(Ejb3Configuration.java:914)
	at org.hibernate.ejb.Ejb3Configuration.buildEntityManagerFactory(Ejb3Configuration.java:899)
	at org.hibernate.ejb.HibernatePersistence.createEntityManagerFactory(HibernatePersistence.java:59)
	at javax.persistence.Persistence.createEntityManagerFactory(Persistence.java:63)
	at javax.persistence.Persistence.createEntityManagerFactory(Persistence.java:47)
	at com.wordpress.marianbuenosayres.ht.HumanTaskSampleTest.testLocalTaskService(HumanTaskSampleTest.java:79)
	at sun.reflect.NativeMethodAccessorImpl.invoke0(Native Method)
	at sun.reflect.NativeMethodAccessorImpl.invoke(NativeMethodAccessorImpl.java:62)
	at sun.reflect.DelegatingMethodAccessorImpl.invoke(DelegatingMethodAccessorImpl.java:43)
	at java.lang.reflect.Method.invoke(Method.java:498)
	at org.junit.runners.model.FrameworkMethod$1.runReflectiveCall(FrameworkMethod.java:44)
	at org.junit.internal.runners.model.ReflectiveCallable.run(ReflectiveCallable.java:15)
	at org.junit.runners.model.FrameworkMethod.invokeExplosively(FrameworkMethod.java:41)
	at org.junit.internal.runners.statements.InvokeMethod.evaluate(InvokeMethod.java:20)
	at org.junit.internal.runners.statements.RunBefores.evaluate(RunBefores.java:28)
	at org.junit.internal.runners.statements.RunAfters.evaluate(RunAfters.java:31)
	at org.junit.runners.BlockJUnit4ClassRunner.runChild(BlockJUnit4ClassRunner.java:76)
	at org.junit.runners.BlockJUnit4ClassRunner.runChild(BlockJUnit4ClassRunner.java:50)
	at org.junit.runners.ParentRunner$3.run(ParentRunner.java:193)
	at org.junit.runners.ParentRunner$1.schedule(ParentRunner.java:52)
	at org.junit.runners.ParentRunner.runChildren(ParentRunner.java:191)
	at org.junit.runners.ParentRunner.access$000(ParentRunner.java:42)
	at org.junit.runners.ParentRunner$2.evaluate(ParentRunner.java:184)
	at org.junit.runners.ParentRunner.run(ParentRunner.java:236)
	at org.apache.maven.surefire.junit4.JUnit4Provider.execute(JUnit4Provider.java:252)
	at org.apache.maven.surefire.junit4.JUnit4Provider.executeTestSet(JUnit4Provider.java:141)
	at org.apache.maven.surefire.junit4.JUnit4Provider.invoke(JUnit4Provider.java:112)
	at sun.reflect.NativeMethodAccessorImpl.invoke0(Native Method)
	at sun.reflect.NativeMethodAccessorImpl.invoke(NativeMethodAccessorImpl.java:62)
	at sun.reflect.DelegatingMethodAccessorImpl.invoke(DelegatingMethodAccessorImpl.java:43)
	at java.lang.reflect.Method.invoke(Method.java:498)
	at org.apache.maven.surefire.util.ReflectionUtils.invokeMethodWithArray(ReflectionUtils.java:189)
	at org.apache.maven.surefire.booter.ProviderFactory$ProviderProxy.invoke(ProviderFactory.java:165)
	at org.apache.maven.surefire.booter.ProviderFactory.invokeProvider(ProviderFactory.java:85)
	at org.apache.maven.surefire.booter.ForkedBooter.runSuitesInProcess(ForkedBooter.java:115)
	at org.apache.maven.surefire.booter.ForkedBooter.main(ForkedBooter.java:75)
Caused by: org.h2.jdbc.JdbcSQLException: File corrupted while reading record: &quot;type: 162&quot;. Possible solution: use the recovery tool [90030-128]
	at org.h2.message.Message.getSQLException(Message.java:110)
	at org.h2.message.Message.getSQLException(Message.java:121)
	at org.h2.message.Message.getSQLException(Message.java:74)
	at org.h2.store.Data.readValue(Data.java:682)
	at org.h2.index.PageDataIndex.readRow(PageDataIndex.java:400)
	at org.h2.index.PageDataLeaf.getRowAt(PageDataLeaf.java:314)
	at org.h2.index.PageDataLeaf.getLastKey(PageDataLeaf.java:369)
	at org.h2.index.PageDataIndex.&lt;init&gt;(PageDataIndex.java:76)
	at org.h2.table.TableData.&lt;init&gt;(TableData.java:83)
	at org.h2.store.PageStore.addMeta(PageStore.java:1307)
	at org.h2.store.PageStore.readMetaData(PageStore.java:1245)
	at org.h2.store.PageStore.recover(PageStore.java:1053)
	at org.h2.store.PageStore.openExisting(PageStore.java:306)
	at org.h2.store.PageStore.open(PageStore.java:264)
	at org.h2.engine.Database.getPageStore(Database.java:2334)
	at org.h2.engine.Database.open(Database.java:631)
	at org.h2.engine.Database.openDatabase(Database.java:228)
	at org.h2.engine.Database.&lt;init&gt;(Database.java:223)
	at org.h2.engine.Engine.openSession(Engine.java:58)
	at org.h2.engine.Engine.openSession(Engine.java:142)
	at org.h2.engine.Engine.getSession(Engine.java:122)
	at org.h2.engine.SessionFactoryEmbedded.createSession(SessionFactoryEmbedded.java:17)
	at org.h2.engine.SessionRemote.connectEmbeddedOrServer(SessionRemote.java:245)
	at org.h2.engine.SessionRemote.createSession(SessionRemote.java:223)
	at org.h2.jdbc.JdbcConnection.&lt;init&gt;(JdbcConnection.java:110)
	at org.h2.jdbc.JdbcConnection.&lt;init&gt;(JdbcConnection.java:94)
	at org.h2.jdbcx.JdbcXAConnection.&lt;init&gt;(JdbcXAConnection.java:77)
	at org.h2.jdbcx.JdbcDataSource.getXAConnection(JdbcDataSource.java:288)
	at bitronix.tm.resource.jdbc.PoolingDataSource.createPooledConnection(PoolingDataSource.java:341)
	at bitronix.tm.resource.common.XAPool.createPooledObject(XAPool.java:283)
	at bitronix.tm.resource.common.XAPool.grow(XAPool.java:391)
	at bitronix.tm.resource.common.XAPool.getInPool(XAPool.java:371)
	at bitronix.tm.resource.common.XAPool.getConnectionHandle(XAPool.java:123)
	at bitronix.tm.resource.common.XAPool.getConnectionHandle(XAPool.java:91)
	at bitronix.tm.resource.jdbc.PoolingDataSource.getConnection(PoolingDataSource.java:258)
	... 45 more
4015 [main] WARN  bitronix.tm.Configuration  - cannot get this JVM unique ID. Make sure it is configured and you only use ASCII characters. Will use IP address instead (unsafe for production usage!).
4762 [main] WARN  bitronix.tm.recovery.Recoverer  - error running recovery on resource &apos;jdbc/testDS&apos;, resource marked as failed (background recoverer will retry recovery)
bitronix.tm.recovery.RecoveryException: cannot start recovery on a PoolingDataSource containing an XAPool of resource jdbc/testDS with 0 connection(s) (0 still available)
	at bitronix.tm.resource.jdbc.PoolingDataSource.startRecovery(PoolingDataSource.java:288)
	at bitronix.tm.recovery.Recoverer.recover(Recoverer.java:258)
	at bitronix.tm.recovery.Recoverer.recoverAllResources(Recoverer.java:226)
	at bitronix.tm.recovery.Recoverer.run(Recoverer.java:142)
	at bitronix.tm.BitronixTransactionManager.&lt;init&gt;(BitronixTransactionManager.java:87)
	at bitronix.tm.TransactionManagerServices.getTransactionManager(TransactionManagerServices.java:75)
	at sun.reflect.NativeMethodAccessorImpl.invoke0(Native Method)
	at sun.reflect.NativeMethodAccessorImpl.invoke(NativeMethodAccessorImpl.java:62)
	at sun.reflect.DelegatingMethodAccessorImpl.invoke(DelegatingMethodAccessorImpl.java:43)
	at java.lang.reflect.Method.invoke(Method.java:498)
	at org.hibernate.service.jta.platform.internal.BitronixJtaPlatform.locateTransactionManager(BitronixJtaPlatform.java:44)
	at org.hibernate.service.jta.platform.internal.AbstractJtaPlatform.retrieveTransactionManager(AbstractJtaPlatform.java:104)
	at org.hibernate.internal.SessionFactoryImpl.canAccessTransactionManager(SessionFactoryImpl.java:1509)
	at org.hibernate.internal.SessionFactoryImpl.buildCurrentSessionContext(SessionFactoryImpl.java:1520)
	at org.hibernate.internal.SessionFactoryImpl.&lt;init&gt;(SessionFactoryImpl.java:515)
	at org.hibernate.cfg.Configuration.buildSessionFactory(Configuration.java:1769)
	at org.hibernate.ejb.EntityManagerFactoryImpl.&lt;init&gt;(EntityManagerFactoryImpl.java:96)
	at org.hibernate.ejb.Ejb3Configuration.buildEntityManagerFactory(Ejb3Configuration.java:914)
	at org.hibernate.ejb.Ejb3Configuration.buildEntityManagerFactory(Ejb3Configuration.java:899)
	at org.hibernate.ejb.HibernatePersistence.createEntityManagerFactory(HibernatePersistence.java:59)
	at javax.persistence.Persistence.createEntityManagerFactory(Persistence.java:63)
	at javax.persistence.Persistence.createEntityManagerFactory(Persistence.java:47)
	at com.wordpress.marianbuenosayres.ht.HumanTaskSampleTest.testLocalTaskService(HumanTaskSampleTest.java:79)
	at sun.reflect.NativeMethodAccessorImpl.invoke0(Native Method)
	at sun.reflect.NativeMethodAccessorImpl.invoke(NativeMethodAccessorImpl.java:62)
	at sun.reflect.DelegatingMethodAccessorImpl.invoke(DelegatingMethodAccessorImpl.java:43)
	at java.lang.reflect.Method.invoke(Method.java:498)
	at org.junit.runners.model.FrameworkMethod$1.runReflectiveCall(FrameworkMethod.java:44)
	at org.junit.internal.runners.model.ReflectiveCallable.run(ReflectiveCallable.java:15)
	at org.junit.runners.model.FrameworkMethod.invokeExplosively(FrameworkMethod.java:41)
	at org.junit.internal.runners.statements.InvokeMethod.evaluate(InvokeMethod.java:20)
	at org.junit.internal.runners.statements.RunBefores.evaluate(RunBefores.java:28)
	at org.junit.internal.runners.statements.RunAfters.evaluate(RunAfters.java:31)
	at org.junit.runners.BlockJUnit4ClassRunner.runChild(BlockJUnit4ClassRunner.java:76)
	at org.junit.runners.BlockJUnit4ClassRunner.runChild(BlockJUnit4ClassRunner.java:50)
	at org.junit.runners.ParentRunner$3.run(ParentRunner.java:193)
	at org.junit.runners.ParentRunner$1.schedule(ParentRunner.java:52)
	at org.junit.runners.ParentRunner.runChildren(ParentRunner.java:191)
	at org.junit.runners.ParentRunner.access$000(ParentRunner.java:42)
	at org.junit.runners.ParentRunner$2.evaluate(ParentRunner.java:184)
	at org.junit.runners.ParentRunner.run(ParentRunner.java:236)
	at org.apache.maven.surefire.junit4.JUnit4Provider.execute(JUnit4Provider.java:252)
	at org.apache.maven.surefire.junit4.JUnit4Provider.executeTestSet(JUnit4Provider.java:141)
	at org.apache.maven.surefire.junit4.JUnit4Provider.invoke(JUnit4Provider.java:112)
	at sun.reflect.NativeMethodAccessorImpl.invoke0(Native Method)
	at sun.reflect.NativeMethodAccessorImpl.invoke(NativeMethodAccessorImpl.java:62)
	at sun.reflect.DelegatingMethodAccessorImpl.invoke(DelegatingMethodAccessorImpl.java:43)
	at java.lang.reflect.Method.invoke(Method.java:498)
	at org.apache.maven.surefire.util.ReflectionUtils.invokeMethodWithArray(ReflectionUtils.java:189)
	at org.apache.maven.surefire.booter.ProviderFactory$ProviderProxy.invoke(ProviderFactory.java:165)
	at org.apache.maven.surefire.booter.ProviderFactory.invokeProvider(ProviderFactory.java:85)
	at org.apache.maven.surefire.booter.ForkedBooter.runSuitesInProcess(ForkedBooter.java:115)
	at org.apache.maven.surefire.booter.ForkedBooter.main(ForkedBooter.java:75)
Caused by: org.h2.jdbc.JdbcSQLException: File corrupted while reading record: &quot;type: 162&quot;. Possible solution: use the recovery tool [90030-128]
	at org.h2.message.Message.getSQLException(Message.java:110)
	at org.h2.message.Message.getSQLException(Message.java:121)
	at org.h2.message.Message.getSQLException(Message.java:74)
	at org.h2.store.Data.readValue(Data.java:682)
	at org.h2.index.PageDataIndex.readRow(PageDataIndex.java:400)
	at org.h2.index.PageDataLeaf.getRowAt(PageDataLeaf.java:314)
	at org.h2.index.PageDataLeaf.getLastKey(PageDataLeaf.java:369)
	at org.h2.index.PageDataIndex.&lt;init&gt;(PageDataIndex.java:76)
	at org.h2.table.TableData.&lt;init&gt;(TableData.java:83)
	at org.h2.store.PageStore.addMeta(PageStore.java:1307)
	at org.h2.store.PageStore.readMetaData(PageStore.java:1245)
	at org.h2.store.PageStore.recover(PageStore.java:1053)
	at org.h2.store.PageStore.openExisting(PageStore.java:306)
	at org.h2.store.PageStore.open(PageStore.java:264)
	at org.h2.engine.Database.getPageStore(Database.java:2334)
	at org.h2.engine.Database.open(Database.java:631)
	at org.h2.engine.Database.openDatabase(Database.java:228)
	at org.h2.engine.Database.&lt;init&gt;(Database.java:223)
	at org.h2.engine.Engine.openSession(Engine.java:58)
	at org.h2.engine.Engine.openSession(Engine.java:142)
	at org.h2.engine.Engine.getSession(Engine.java:122)
	at org.h2.engine.SessionFactoryEmbedded.createSession(SessionFactoryEmbedded.java:17)
	at org.h2.engine.SessionRemote.connectEmbeddedOrServer(SessionRemote.java:245)
	at org.h2.engine.SessionRemote.createSession(SessionRemote.java:223)
	at org.h2.jdbc.JdbcConnection.&lt;init&gt;(JdbcConnection.java:110)
	at org.h2.jdbc.JdbcConnection.&lt;init&gt;(JdbcConnection.java:94)
	at org.h2.jdbcx.JdbcXAConnection.&lt;init&gt;(JdbcXAConnection.java:77)
	at org.h2.jdbcx.JdbcDataSource.getXAConnection(JdbcDataSource.java:288)
	at bitronix.tm.resource.jdbc.PoolingDataSource.createPooledConnection(PoolingDataSource.java:341)
	at bitronix.tm.resource.common.XAPool.createPooledObject(XAPool.java:283)
	at bitronix.tm.resource.common.XAPool.grow(XAPool.java:391)
	at bitronix.tm.resource.common.XAPool.getInPool(XAPool.java:371)
	at bitronix.tm.resource.common.XAPool.getConnectionHandle(XAPool.java:123)
	at bitronix.tm.resource.jdbc.PoolingDataSource.startRecovery(PoolingDataSource.java:284)
	... 52 more
8366 [main] WARN  org.hibernate.engine.jdbc.spi.SqlExceptionHelper  - SQL Error: 0, SQLState: null
8366 [main] ERROR org.hibernate.engine.jdbc.spi.SqlExceptionHelper  - unable to get a connection from pool of a PoolingDataSource containing an XAPool of resource jdbc/testDS with 0 connection(s) (0 still available) -failed-
8391 [main] ERROR org.jbpm.services.task.commands.InitDeadlinesCommand  - Error when executing deadlines
javax.persistence.PersistenceException: org.hibernate.exception.GenericJDBCException: Could not open connection
	at org.hibernate.ejb.AbstractEntityManagerImpl.convert(AbstractEntityManagerImpl.java:1387)
	at org.hibernate.ejb.AbstractEntityManagerImpl.convert(AbstractEntityManagerImpl.java:1310)
	at org.hibernate.ejb.QueryImpl.getResultList(QueryImpl.java:275)
	at org.jbpm.services.task.persistence.JPATaskPersistenceContext.queryInTransaction(JPATaskPersistenceContext.java:360)
	at org.jbpm.services.task.commands.InitDeadlinesCommand.execute(InitDeadlinesCommand.java:37)
	at org.jbpm.services.task.commands.InitDeadlinesCommand.execute(InitDeadlinesCommand.java:18)
	at org.jbpm.services.task.commands.TaskCommandExecutorImpl$SelfExecutionCommandService.execute(TaskCommandExecutorImpl.java:65)
	at org.drools.core.command.impl.AbstractInterceptor.executeNext(AbstractInterceptor.java:41)
	at org.jbpm.services.task.persistence.TaskTransactionInterceptor.execute(TaskTransactionInterceptor.java:54)
	at org.jbpm.services.task.commands.TaskCommandExecutorImpl.execute(TaskCommandExecutorImpl.java:40)
	at org.jbpm.services.task.impl.TaskDeadlinesServiceImpl.initialize(TaskDeadlinesServiceImpl.java:365)
	at org.jbpm.services.task.HumanTaskConfigurator.getTaskService(HumanTaskConfigurator.java:153)
	at com.wordpress.marianbuenosayres.ht.HumanTaskSampleTest.testLocalTaskService(HumanTaskSampleTest.java:91)
	at sun.reflect.NativeMethodAccessorImpl.invoke0(Native Method)
	at sun.reflect.NativeMethodAccessorImpl.invoke(NativeMethodAccessorImpl.java:62)
	at sun.reflect.DelegatingMethodAccessorImpl.invoke(DelegatingMethodAccessorImpl.java:43)
	at java.lang.reflect.Method.invoke(Method.java:498)
	at org.junit.runners.model.FrameworkMethod$1.runReflectiveCall(FrameworkMethod.java:44)
	at org.junit.internal.runners.model.ReflectiveCallable.run(ReflectiveCallable.java:15)
	at org.junit.runners.model.FrameworkMethod.invokeExplosively(FrameworkMethod.java:41)
	at org.junit.internal.runners.statements.InvokeMethod.evaluate(InvokeMethod.java:20)
	at org.junit.internal.runners.statements.RunBefores.evaluate(RunBefores.java:28)
	at org.junit.internal.runners.statements.RunAfters.evaluate(RunAfters.java:31)
	at org.junit.runners.BlockJUnit4ClassRunner.runChild(BlockJUnit4ClassRunner.java:76)
	at org.junit.runners.BlockJUnit4ClassRunner.runChild(BlockJUnit4ClassRunner.java:50)
	at org.junit.runners.ParentRunner$3.run(ParentRunner.java:193)
	at org.junit.runners.ParentRunner$1.schedule(ParentRunner.java:52)
	at org.junit.runners.ParentRunner.runChildren(ParentRunner.java:191)
	at org.junit.runners.ParentRunner.access$000(ParentRunner.java:42)
	at org.junit.runners.ParentRunner$2.evaluate(ParentRunner.java:184)
	at org.junit.runners.ParentRunner.run(ParentRunner.java:236)
	at org.apache.maven.surefire.junit4.JUnit4Provider.execute(JUnit4Provider.java:252)
	at org.apache.maven.surefire.junit4.JUnit4Provider.executeTestSet(JUnit4Provider.java:141)
	at org.apache.maven.surefire.junit4.JUnit4Provider.invoke(JUnit4Provider.java:112)
	at sun.reflect.NativeMethodAccessorImpl.invoke0(Native Method)
	at sun.reflect.NativeMethodAccessorImpl.invoke(NativeMethodAccessorImpl.java:62)
	at sun.reflect.DelegatingMethodAccessorImpl.invoke(DelegatingMethodAccessorImpl.java:43)
	at java.lang.reflect.Method.invoke(Method.java:498)
	at org.apache.maven.surefire.util.ReflectionUtils.invokeMethodWithArray(ReflectionUtils.java:189)
	at org.apache.maven.surefire.booter.ProviderFactory$ProviderProxy.invoke(ProviderFactory.java:165)
	at org.apache.maven.surefire.booter.ProviderFactory.invokeProvider(ProviderFactory.java:85)
	at org.apache.maven.surefire.booter.ForkedBooter.runSuitesInProcess(ForkedBooter.java:115)
	at org.apache.maven.surefire.booter.ForkedBooter.main(ForkedBooter.java:75)
Caused by: org.hibernate.exception.GenericJDBCException: Could not open connection
	at org.hibernate.exception.internal.StandardSQLExceptionConverter.convert(StandardSQLExceptionConverter.java:54)
	at org.hibernate.engine.jdbc.spi.SqlExceptionHelper.convert(SqlExceptionHelper.java:125)
	at org.hibernate.engine.jdbc.spi.SqlExceptionHelper.convert(SqlExceptionHelper.java:110)
	at org.hibernate.engine.jdbc.internal.LogicalConnectionImpl.obtainConnection(LogicalConnectionImpl.java:221)
	at org.hibernate.engine.jdbc.internal.LogicalConnectionImpl.getConnection(LogicalConnectionImpl.java:157)
	at org.hibernate.engine.jdbc.internal.StatementPreparerImpl.connection(StatementPreparerImpl.java:56)
	at org.hibernate.engine.jdbc.internal.StatementPreparerImpl$5.doPrepare(StatementPreparerImpl.java:161)
	at org.hibernate.engine.jdbc.internal.StatementPreparerImpl$StatementPreparationTemplate.prepareStatement(StatementPreparerImpl.java:182)
	at org.hibernate.engine.jdbc.internal.StatementPreparerImpl.prepareQueryStatement(StatementPreparerImpl.java:159)
	at org.hibernate.loader.Loader.prepareQueryStatement(Loader.java:1859)
	at org.hibernate.loader.Loader.executeQueryStatement(Loader.java:1836)
	at org.hibernate.loader.Loader.executeQueryStatement(Loader.java:1816)
	at org.hibernate.loader.Loader.doQuery(Loader.java:900)
	at org.hibernate.loader.Loader.doQueryAndInitializeNonLazyCollections(Loader.java:342)
	at org.hibernate.loader.Loader.doList(Loader.java:2526)
	at org.hibernate.loader.Loader.doList(Loader.java:2512)
	at org.hibernate.loader.Loader.listIgnoreQueryCache(Loader.java:2342)
	at org.hibernate.loader.Loader.list(Loader.java:2337)
	at org.hibernate.loader.hql.QueryLoader.list(QueryLoader.java:495)
	at org.hibernate.hql.internal.ast.QueryTranslatorImpl.list(QueryTranslatorImpl.java:356)
	at org.hibernate.engine.query.spi.HQLQueryPlan.performList(HQLQueryPlan.java:195)
	at org.hibernate.internal.SessionImpl.list(SessionImpl.java:1269)
	at org.hibernate.internal.QueryImpl.list(QueryImpl.java:101)
	at org.hibernate.ejb.QueryImpl.getResultList(QueryImpl.java:266)
	... 40 more
Caused by: java.sql.SQLException: unable to get a connection from pool of a PoolingDataSource containing an XAPool of resource jdbc/testDS with 0 connection(s) (0 still available) -failed-
	at bitronix.tm.resource.jdbc.PoolingDataSource.getConnection(PoolingDataSource.java:262)
	at org.hibernate.service.jdbc.connections.internal.DatasourceConnectionProviderImpl.getConnection(DatasourceConnectionProviderImpl.java:141)
	at org.hibernate.internal.AbstractSessionImpl$NonContextualJdbcConnectionAccess.obtainConnection(AbstractSessionImpl.java:292)
	at org.hibernate.engine.jdbc.internal.LogicalConnectionImpl.obtainConnection(LogicalConnectionImpl.java:214)
	... 60 more
Caused by: bitronix.tm.internal.BitronixRuntimeException: incremental recovery failed when trying to acquire a connection from failed resource &apos;jdbc/testDS&apos;
	at bitronix.tm.resource.common.XAPool.getConnectionHandle(XAPool.java:103)
	at bitronix.tm.resource.common.XAPool.getConnectionHandle(XAPool.java:91)
	at bitronix.tm.resource.jdbc.PoolingDataSource.getConnection(PoolingDataSource.java:258)
	... 63 more
Caused by: bitronix.tm.recovery.RecoveryException: cannot start recovery on a PoolingDataSource containing an XAPool of resource jdbc/testDS with 0 connection(s) (0 still available)
	at bitronix.tm.resource.jdbc.PoolingDataSource.startRecovery(PoolingDataSource.java:288)
	at bitronix.tm.recovery.IncrementalRecoverer.recover(IncrementalRecoverer.java:61)
	at bitronix.tm.resource.common.XAPool.getConnectionHandle(XAPool.java:100)
	... 65 more
Caused by: org.h2.jdbc.JdbcSQLException: File corrupted while reading record: &quot;type: 162&quot;. Possible solution: use the recovery tool [90030-128]
	at org.h2.message.Message.getSQLException(Message.java:110)
	at org.h2.message.Message.getSQLException(Message.java:121)
	at org.h2.message.Message.getSQLException(Message.java:74)
	at org.h2.store.Data.readValue(Data.java:682)
	at org.h2.index.PageDataIndex.readRow(PageDataIndex.java:400)
	at org.h2.index.PageDataLeaf.getRowAt(PageDataLeaf.java:314)
	at org.h2.index.PageDataLeaf.getLastKey(PageDataLeaf.java:369)
	at org.h2.index.PageDataIndex.&lt;init&gt;(PageDataIndex.java:76)
	at org.h2.table.TableData.&lt;init&gt;(TableData.java:83)
	at org.h2.store.PageStore.addMeta(PageStore.java:1307)
	at org.h2.store.PageStore.readMetaData(PageStore.java:1245)
	at org.h2.store.PageStore.recover(PageStore.java:1053)
	at org.h2.store.PageStore.openExisting(PageStore.java:306)
	at org.h2.store.PageStore.open(PageStore.java:264)
	at org.h2.engine.Database.getPageStore(Database.java:2334)
	at org.h2.engine.Database.open(Database.java:631)
	at org.h2.engine.Database.openDatabase(Database.java:228)
	at org.h2.engine.Database.&lt;init&gt;(Database.java:223)
	at org.h2.engine.Engine.openSession(Engine.java:58)
	at org.h2.engine.Engine.openSession(Engine.java:142)
	at org.h2.engine.Engine.getSession(Engine.java:122)
	at org.h2.engine.SessionFactoryEmbedded.createSession(SessionFactoryEmbedded.java:17)
	at org.h2.engine.SessionRemote.connectEmbeddedOrServer(SessionRemote.java:245)
	at org.h2.engine.SessionRemote.createSession(SessionRemote.java:223)
	at org.h2.jdbc.JdbcConnection.&lt;init&gt;(JdbcConnection.java:110)
	at org.h2.jdbc.JdbcConnection.&lt;init&gt;(JdbcConnection.java:94)
	at org.h2.jdbcx.JdbcXAConnection.&lt;init&gt;(JdbcXAConnection.java:77)
	at org.h2.jdbcx.JdbcDataSource.getXAConnection(JdbcDataSource.java:288)
	at bitronix.tm.resource.jdbc.PoolingDataSource.createPooledConnection(PoolingDataSource.java:341)
	at bitronix.tm.resource.common.XAPool.createPooledObject(XAPool.java:283)
	at bitronix.tm.resource.common.XAPool.grow(XAPool.java:391)
	at bitronix.tm.resource.common.XAPool.getInPool(XAPool.java:371)
	at bitronix.tm.resource.common.XAPool.getConnectionHandle(XAPool.java:123)
	at bitronix.tm.resource.jdbc.PoolingDataSource.startRecovery(PoolingDataSource.java:284)
	... 67 more
8406 [main] WARN  org.drools.persistence.jta.JtaTransactionManager  - Unable to commit transaction
bitronix.tm.internal.BitronixRollbackException: transaction was marked as rollback only and has been rolled back
	at bitronix.tm.BitronixTransaction.commit(BitronixTransaction.java:265)
	at bitronix.tm.BitronixTransactionManager.commit(BitronixTransactionManager.java:143)
	at org.drools.persistence.jta.JtaTransactionManager.commit(JtaTransactionManager.java:209)
	at org.jbpm.services.task.persistence.TaskTransactionInterceptor.execute(TaskTransactionInterceptor.java:56)
	at org.jbpm.services.task.commands.TaskCommandExecutorImpl.execute(TaskCommandExecutorImpl.java:40)
	at org.jbpm.services.task.impl.TaskDeadlinesServiceImpl.initialize(TaskDeadlinesServiceImpl.java:365)
	at org.jbpm.services.task.HumanTaskConfigurator.getTaskService(HumanTaskConfigurator.java:153)
	at com.wordpress.marianbuenosayres.ht.HumanTaskSampleTest.testLocalTaskService(HumanTaskSampleTest.java:91)
	at sun.reflect.NativeMethodAccessorImpl.invoke0(Native Method)
	at sun.reflect.NativeMethodAccessorImpl.invoke(NativeMethodAccessorImpl.java:62)
	at sun.reflect.DelegatingMethodAccessorImpl.invoke(DelegatingMethodAccessorImpl.java:43)
	at java.lang.reflect.Method.invoke(Method.java:498)
	at org.junit.runners.model.FrameworkMethod$1.runReflectiveCall(FrameworkMethod.java:44)
	at org.junit.internal.runners.model.ReflectiveCallable.run(ReflectiveCallable.java:15)
	at org.junit.runners.model.FrameworkMethod.invokeExplosively(FrameworkMethod.java:41)
	at org.junit.internal.runners.statements.InvokeMethod.evaluate(InvokeMethod.java:20)
	at org.junit.internal.runners.statements.RunBefores.evaluate(RunBefores.java:28)
	at org.junit.internal.runners.statements.RunAfters.evaluate(RunAfters.java:31)
	at org.junit.runners.BlockJUnit4ClassRunner.runChild(BlockJUnit4ClassRunner.java:76)
	at org.junit.runners.BlockJUnit4ClassRunner.runChild(BlockJUnit4ClassRunner.java:50)
	at org.junit.runners.ParentRunner$3.run(ParentRunner.java:193)
	at org.junit.runners.ParentRunner$1.schedule(ParentRunner.java:52)
	at org.junit.runners.ParentRunner.runChildren(ParentRunner.java:191)
	at org.junit.runners.ParentRunner.access$000(ParentRunner.java:42)
	at org.junit.runners.ParentRunner$2.evaluate(ParentRunner.java:184)
	at org.junit.runners.ParentRunner.run(ParentRunner.java:236)
	at org.apache.maven.surefire.junit4.JUnit4Provider.execute(JUnit4Provider.java:252)
	at org.apache.maven.surefire.junit4.JUnit4Provider.executeTestSet(JUnit4Provider.java:141)
	at org.apache.maven.surefire.junit4.JUnit4Provider.invoke(JUnit4Provider.java:112)
	at sun.reflect.NativeMethodAccessorImpl.invoke0(Native Method)
	at sun.reflect.NativeMethodAccessorImpl.invoke(NativeMethodAccessorImpl.java:62)
	at sun.reflect.DelegatingMethodAccessorImpl.invoke(DelegatingMethodAccessorImpl.java:43)
	at java.lang.reflect.Method.invoke(Method.java:498)
	at org.apache.maven.surefire.util.ReflectionUtils.invokeMethodWithArray(ReflectionUtils.java:189)
	at org.apache.maven.surefire.booter.ProviderFactory$ProviderProxy.invoke(ProviderFactory.java:165)
	at org.apache.maven.surefire.booter.ProviderFactory.invokeProvider(ProviderFactory.java:85)
	at org.apache.maven.surefire.booter.ForkedBooter.runSuitesInProcess(ForkedBooter.java:115)
	at org.apache.maven.surefire.booter.ForkedBooter.main(ForkedBooter.java:75)
8408 [main] WARN  org.jbpm.services.task.persistence.TaskTransactionInterceptor  - Could not commit session
java.lang.RuntimeException: Unable to commit transaction
	at org.drools.persistence.jta.JtaTransactionManager.commit(JtaTransactionManager.java:212)
	at org.jbpm.services.task.persistence.TaskTransactionInterceptor.execute(TaskTransactionInterceptor.java:56)
	at org.jbpm.services.task.commands.TaskCommandExecutorImpl.execute(TaskCommandExecutorImpl.java:40)
	at org.jbpm.services.task.impl.TaskDeadlinesServiceImpl.initialize(TaskDeadlinesServiceImpl.java:365)
	at org.jbpm.services.task.HumanTaskConfigurator.getTaskService(HumanTaskConfigurator.java:153)
	at com.wordpress.marianbuenosayres.ht.HumanTaskSampleTest.testLocalTaskService(HumanTaskSampleTest.java:91)
	at sun.reflect.NativeMethodAccessorImpl.invoke0(Native Method)
	at sun.reflect.NativeMethodAccessorImpl.invoke(NativeMethodAccessorImpl.java:62)
	at sun.reflect.DelegatingMethodAccessorImpl.invoke(DelegatingMethodAccessorImpl.java:43)
	at java.lang.reflect.Method.invoke(Method.java:498)
	at org.junit.runners.model.FrameworkMethod$1.runReflectiveCall(FrameworkMethod.java:44)
	at org.junit.internal.runners.model.ReflectiveCallable.run(ReflectiveCallable.java:15)
	at org.junit.runners.model.FrameworkMethod.invokeExplosively(FrameworkMethod.java:41)
	at org.junit.internal.runners.statements.InvokeMethod.evaluate(InvokeMethod.java:20)
	at org.junit.internal.runners.statements.RunBefores.evaluate(RunBefores.java:28)
	at org.junit.internal.runners.statements.RunAfters.evaluate(RunAfters.java:31)
	at org.junit.runners.BlockJUnit4ClassRunner.runChild(BlockJUnit4ClassRunner.java:76)
	at org.junit.runners.BlockJUnit4ClassRunner.runChild(BlockJUnit4ClassRunner.java:50)
	at org.junit.runners.ParentRunner$3.run(ParentRunner.java:193)
	at org.junit.runners.ParentRunner$1.schedule(ParentRunner.java:52)
	at org.junit.runners.ParentRunner.runChildren(ParentRunner.java:191)
	at org.junit.runners.ParentRunner.access$000(ParentRunner.java:42)
	at org.junit.runners.ParentRunner$2.evaluate(ParentRunner.java:184)
	at org.junit.runners.ParentRunner.run(ParentRunner.java:236)
	at org.apache.maven.surefire.junit4.JUnit4Provider.execute(JUnit4Provider.java:252)
	at org.apache.maven.surefire.junit4.JUnit4Provider.executeTestSet(JUnit4Provider.java:141)
	at org.apache.maven.surefire.junit4.JUnit4Provider.invoke(JUnit4Provider.java:112)
	at sun.reflect.NativeMethodAccessorImpl.invoke0(Native Method)
	at sun.reflect.NativeMethodAccessorImpl.invoke(NativeMethodAccessorImpl.java:62)
	at sun.reflect.DelegatingMethodAccessorImpl.invoke(DelegatingMethodAccessorImpl.java:43)
	at java.lang.reflect.Method.invoke(Method.java:498)
	at org.apache.maven.surefire.util.ReflectionUtils.invokeMethodWithArray(ReflectionUtils.java:189)
	at org.apache.maven.surefire.booter.ProviderFactory$ProviderProxy.invoke(ProviderFactory.java:165)
	at org.apache.maven.surefire.booter.ProviderFactory.invokeProvider(ProviderFactory.java:85)
	at org.apache.maven.surefire.booter.ForkedBooter.runSuitesInProcess(ForkedBooter.java:115)
	at org.apache.maven.surefire.booter.ForkedBooter.main(ForkedBooter.java:75)
Caused by: bitronix.tm.internal.BitronixRollbackException: transaction was marked as rollback only and has been rolled back
	at bitronix.tm.BitronixTransaction.commit(BitronixTransaction.java:265)
	at bitronix.tm.BitronixTransactionManager.commit(BitronixTransactionManager.java:143)
	at org.drools.persistence.jta.JtaTransactionManager.commit(JtaTransactionManager.java:209)
	... 35 more
</system-out>
  </testcase>
</testsuite>